Running from: /opt/homebrew/Cellar/jenkins-lts/2.492.3/libexec/jenkins.war
webroot: /Users/shashikant/.jenkins/war
2025-04-25 07:45:51.567+0000 [id=1]	INFO	winstone.Logger#logInternal: Beginning extraction from war file
2025-04-25 07:45:51.592+0000 [id=1]	WARNING	o.e.j.ee9.nested.ContextHandler#setContextPath: Empty contextPath
2025-04-25 07:45:51.613+0000 [id=1]	INFO	org.eclipse.jetty.server.Server#doStart: jetty-12.0.17; built: 2025-03-03T13:15:05.903Z; git: 14d19c268e4cb09afc312b5255a4cbb7a95c5cb6; jvm 21.0.7
2025-04-25 07:45:51.778+0000 [id=1]	INFO	o.e.j.e.w.StandardDescriptorProcessor#visitServlet: NO JSP Support for /, did not find org.eclipse.jetty.ee9.jsp.JettyJspServlet
2025-04-25 07:45:51.799+0000 [id=1]	INFO	o.e.j.s.DefaultSessionIdManager#doStart: Session workerName=node0
2025-04-25 07:45:51.956+0000 [id=1]	INFO	hudson.WebAppMain#contextInitialized: Jenkins home directory: /Users/shashikant/.jenkins found at: $user.home/.jenkins
2025-04-25 07:45:52.407+0000 [id=1]	INFO	o.e.j.s.handler.ContextHandler#doStart: Started oeje9n.ContextHandler$CoreContextHandler@610db97e{Jenkins v2.492.3,/,b=file:///Users/shashikant/.jenkins/war/,a=AVAILABLE,h=oeje9n.ContextHandler$CoreContextHandler$CoreToNestedHandler@6f0628de{STARTED}}
2025-04-25 07:45:52.411+0000 [id=1]	INFO	o.e.j.server.AbstractConnector#doStart: Started ServerConnector@106faf11{HTTP/1.1, (http/1.1)}{0.0.0.0:8080}
2025-04-25 07:45:52.419+0000 [id=1]	INFO	org.eclipse.jetty.server.Server#doStart: Started oejs.Server@48ae9b55{STARTING}[12.0.17,sto=0] @1113ms
2025-04-25 07:45:52.419+0000 [id=38]	INFO	winstone.Logger#logInternal: Winstone Servlet Engine running: controlPort=disabled
2025-04-25 07:45:52.469+0000 [id=37]	INFO	jenkins.model.Jenkins#<init>: Starting version 2.492.3
2025-04-25 07:45:52.498+0000 [id=47]	INFO	jenkins.InitReactorRunner$1#onAttained: Started initialization
2025-04-25 07:45:52.553+0000 [id=56]	INFO	jenkins.InitReactorRunner$1#onAttained: Listed all plugins
2025-04-25 07:45:53.626+0000 [id=49]	INFO	jenkins.InitReactorRunner$1#onAttained: Prepared all plugins
2025-04-25 07:45:53.633+0000 [id=48]	INFO	jenkins.InitReactorRunner$1#onAttained: Started all plugins
2025-04-25 07:45:53.634+0000 [id=60]	INFO	jenkins.InitReactorRunner$1#onAttained: Augmented all extensions
2025-04-25 07:45:53.728+0000 [id=50]	INFO	h.p.b.g.GlobalTimeOutConfiguration#load: global timeout not set
2025-04-25 07:45:54.069+0000 [id=56]	INFO	jenkins.InitReactorRunner$1#onAttained: System config loaded
2025-04-25 07:45:54.069+0000 [id=56]	INFO	jenkins.InitReactorRunner$1#onAttained: System config adapted
2025-04-25 07:45:54.090+0000 [id=53]	INFO	jenkins.InitReactorRunner$1#onAttained: Loaded all jobs
2025-04-25 07:45:54.093+0000 [id=55]	INFO	jenkins.InitReactorRunner$1#onAttained: Configuration for all jobs updated
2025-04-25 07:45:54.100+0000 [id=56]	INFO	jenkins.InitReactorRunner$1#onAttained: Completed initialization
2025-04-25 07:45:54.120+0000 [id=37]	INFO	hudson.lifecycle.Lifecycle#onReady: Jenkins is fully up and running
2025-04-25 07:48:16.803+0000 [id=39]	INFO	winstone.Logger#logInternal: JVM is terminating. Shutting down Jetty
2025-04-25 07:48:16.805+0000 [id=39]	INFO	org.eclipse.jetty.server.Server#doStop: Stopped oejs.Server@48ae9b55{STOPPING}[12.0.17,sto=0]
2025-04-25 07:48:16.808+0000 [id=39]	INFO	o.e.j.server.AbstractConnector#doStop: Stopped ServerConnector@106faf11{HTTP/1.1, (http/1.1)}{0.0.0.0:8080}
2025-04-25 07:48:16.812+0000 [id=39]	INFO	hudson.lifecycle.Lifecycle#onStatusUpdate: Stopping Jenkins
2025-04-25 07:48:16.831+0000 [id=39]	INFO	jenkins.model.Jenkins$17#onAttained: Started termination
2025-04-25 07:48:16.832+0000 [id=39]	INFO	h.p.b.global.Lifecycle#shutdown: Shutdown complete - Global TimeOut ScheduledExecutorService had 0 tasks pending
2025-04-25 07:48:16.839+0000 [id=39]	INFO	jenkins.model.Jenkins$17#onAttained: Completed termination
2025-04-25 07:48:16.840+0000 [id=39]	INFO	jenkins.model.Jenkins#_cleanUpDisconnectComputers: Starting node disconnection
2025-04-25 07:48:16.842+0000 [id=39]	INFO	jenkins.model.Jenkins#_cleanUpShutdownPluginManager: Stopping plugin manager
2025-04-25 07:48:16.850+0000 [id=39]	INFO	jenkins.model.Jenkins#_cleanUpPersistQueue: Persisting build queue
2025-04-25 07:48:16.864+0000 [id=39]	INFO	jenkins.model.Jenkins#_cleanUpAwaitDisconnects: Waiting for node disconnection completion
2025-04-25 07:48:16.864+0000 [id=39]	INFO	hudson.lifecycle.Lifecycle#onStatusUpdate: Jenkins stopped
Running from: /opt/homebrew/Cellar/jenkins-lts/2.492.3/libexec/jenkins.war
webroot: /Users/shashikant/.jenkins/war
2025-04-29 08:02:13.055+0000 [id=1]	INFO	winstone.Logger#logInternal: Beginning extraction from war file
2025-04-29 08:02:13.083+0000 [id=1]	WARNING	o.e.j.ee9.nested.ContextHandler#setContextPath: Empty contextPath
2025-04-29 08:02:13.106+0000 [id=1]	INFO	org.eclipse.jetty.server.Server#doStart: jetty-12.0.17; built: 2025-03-03T13:15:05.903Z; git: 14d19c268e4cb09afc312b5255a4cbb7a95c5cb6; jvm 21.0.7
2025-04-29 08:02:13.351+0000 [id=1]	INFO	o.e.j.e.w.StandardDescriptorProcessor#visitServlet: NO JSP Support for /, did not find org.eclipse.jetty.ee9.jsp.JettyJspServlet
2025-04-29 08:02:13.371+0000 [id=1]	INFO	o.e.j.s.DefaultSessionIdManager#doStart: Session workerName=node0
2025-04-29 08:02:13.566+0000 [id=1]	INFO	hudson.WebAppMain#contextInitialized: Jenkins home directory: /Users/shashikant/.jenkins found at: $user.home/.jenkins
2025-04-29 08:02:14.258+0000 [id=1]	INFO	o.e.j.s.handler.ContextHandler#doStart: Started oeje9n.ContextHandler$CoreContextHandler@610db97e{Jenkins v2.492.3,/,b=file:///Users/shashikant/.jenkins/war/,a=AVAILABLE,h=oeje9n.ContextHandler$CoreContextHandler$CoreToNestedHandler@6f0628de{STARTED}}
2025-04-29 08:02:14.263+0000 [id=1]	INFO	o.e.j.server.AbstractConnector#doStart: Started ServerConnector@106faf11{HTTP/1.1, (http/1.1)}{0.0.0.0:8080}
2025-04-29 08:02:14.275+0000 [id=1]	INFO	org.eclipse.jetty.server.Server#doStart: Started oejs.Server@48ae9b55{STARTING}[12.0.17,sto=0] @1546ms
2025-04-29 08:02:14.275+0000 [id=38]	INFO	winstone.Logger#logInternal: Winstone Servlet Engine running: controlPort=disabled
2025-04-29 08:02:14.328+0000 [id=37]	INFO	jenkins.model.Jenkins#<init>: Starting version 2.492.3
2025-04-29 08:02:14.360+0000 [id=47]	INFO	jenkins.InitReactorRunner$1#onAttained: Started initialization
2025-04-29 08:02:14.419+0000 [id=56]	INFO	jenkins.InitReactorRunner$1#onAttained: Listed all plugins
2025-04-29 08:02:15.676+0000 [id=57]	INFO	jenkins.InitReactorRunner$1#onAttained: Prepared all plugins
2025-04-29 08:02:15.682+0000 [id=49]	INFO	jenkins.InitReactorRunner$1#onAttained: Started all plugins
2025-04-29 08:02:15.684+0000 [id=48]	INFO	jenkins.InitReactorRunner$1#onAttained: Augmented all extensions
2025-04-29 08:02:15.786+0000 [id=61]	INFO	h.p.b.g.GlobalTimeOutConfiguration#load: global timeout not set
2025-04-29 08:02:16.141+0000 [id=60]	INFO	jenkins.InitReactorRunner$1#onAttained: System config loaded
2025-04-29 08:02:16.141+0000 [id=48]	INFO	jenkins.InitReactorRunner$1#onAttained: System config adapted
2025-04-29 08:02:16.159+0000 [id=58]	INFO	jenkins.InitReactorRunner$1#onAttained: Loaded all jobs
2025-04-29 08:02:16.162+0000 [id=50]	INFO	jenkins.InitReactorRunner$1#onAttained: Configuration for all jobs updated
2025-04-29 08:02:16.166+0000 [id=75]	INFO	hudson.util.Retrier#start: Attempt #1 to do the action check updates server
2025-04-29 08:02:16.171+0000 [id=61]	INFO	jenkins.InitReactorRunner$1#onAttained: Completed initialization
2025-04-29 08:02:16.191+0000 [id=37]	INFO	hudson.lifecycle.Lifecycle#onReady: Jenkins is fully up and running
2025-04-29 08:02:32.133+0000 [id=75]	INFO	h.m.DownloadService$Downloadable#load: Obtained the updated data file for hudson.tasks.Maven.MavenInstaller
2025-04-29 08:02:35.580+0000 [id=75]	INFO	h.m.DownloadService$Downloadable#load: Obtained the updated data file for hudson.tasks.Ant.AntInstaller
2025-04-29 08:02:39.395+0000 [id=75]	INFO	h.m.DownloadService$Downloadable#load: Obtained the updated data file for hudson.plugins.gradle.GradleInstaller
2025-04-29 08:02:39.395+0000 [id=75]	INFO	hudson.util.Retrier#start: Performed the action check updates server successfully at the attempt #1
2025-04-29 08:06:54.285+0000 [id=99]	INFO	o.j.p.g.w.s.DefaultPushGHEventSubscriber#onEvent: Received PushEvent for https://api.github.com/repos/shashi485/SmartContactManager from 140.82.115.210 ⇒ https://59b9-2409-40d1-100d-9a99-65f2-b015-c08c-570e.ngrok-free.app:8080/github-webhook/
2025-04-29 08:06:54.294+0000 [id=99]	INFO	o.j.p.g.w.s.DefaultPushGHEventSubscriber$1#run: Poked smartcontactmanager-pipeline
2025-04-29 08:06:56.206+0000 [id=128]	INFO	c.c.jenkins.GitHubPushTrigger$1#run: SCM changes detected in smartcontactmanager-pipeline. Triggering #6
2025-04-29 08:27:12.389+0000 [id=109]	INFO	o.j.p.g.w.s.DefaultPushGHEventSubscriber#onEvent: Received PushEvent for https://api.github.com/repos/shashi485/SmartContactManager from 140.82.115.201 ⇒ https://59b9-2409-40d1-100d-9a99-65f2-b015-c08c-570e.ngrok-free.app:8080/github-webhook/
2025-04-29 08:27:12.391+0000 [id=109]	INFO	o.j.p.g.w.s.DefaultPushGHEventSubscriber$1#run: Poked smartcontactmanager-pipeline
2025-04-29 08:27:15.840+0000 [id=355]	INFO	c.c.jenkins.GitHubPushTrigger$1#run: SCM changes detected in smartcontactmanager-pipeline. Triggering #7
2025-04-29 08:29:31.634+0000 [id=39]	INFO	winstone.Logger#logInternal: JVM is terminating. Shutting down Jetty
2025-04-29 08:29:31.636+0000 [id=39]	INFO	org.eclipse.jetty.server.Server#doStop: Stopped oejs.Server@48ae9b55{STOPPING}[12.0.17,sto=0]
2025-04-29 08:29:31.641+0000 [id=39]	INFO	o.e.j.server.AbstractConnector#doStop: Stopped ServerConnector@106faf11{HTTP/1.1, (http/1.1)}{0.0.0.0:8080}
2025-04-29 08:29:31.644+0000 [id=39]	INFO	hudson.lifecycle.Lifecycle#onStatusUpdate: Stopping Jenkins
2025-04-29 08:29:31.651+0000 [id=39]	INFO	jenkins.model.Jenkins$17#onAttained: Started termination
2025-04-29 08:29:31.652+0000 [id=39]	INFO	h.p.b.global.Lifecycle#shutdown: Shutdown complete - Global TimeOut ScheduledExecutorService had 0 tasks pending
2025-04-29 08:29:31.658+0000 [id=39]	INFO	jenkins.model.Jenkins$17#onAttained: Completed termination
2025-04-29 08:29:31.658+0000 [id=39]	INFO	jenkins.model.Jenkins#_cleanUpDisconnectComputers: Starting node disconnection
2025-04-29 08:29:31.660+0000 [id=39]	INFO	jenkins.model.Jenkins#_cleanUpShutdownPluginManager: Stopping plugin manager
2025-04-29 08:29:31.668+0000 [id=39]	INFO	jenkins.model.Jenkins#_cleanUpPersistQueue: Persisting build queue
2025-04-29 08:29:31.679+0000 [id=39]	INFO	jenkins.model.Jenkins#_cleanUpAwaitDisconnects: Waiting for node disconnection completion
2025-04-29 08:29:31.679+0000 [id=39]	INFO	hudson.lifecycle.Lifecycle#onStatusUpdate: Jenkins stopped
Running from: /opt/homebrew/Cellar/jenkins-lts/2.492.3/libexec/jenkins.war
webroot: /Users/shashikant/.jenkins/war
2025-07-11 06:11:35.931+0000 [id=1]	INFO	winstone.Logger#logInternal: Beginning extraction from war file
2025-07-11 06:11:35.959+0000 [id=1]	WARNING	o.e.j.ee9.nested.ContextHandler#setContextPath: Empty contextPath
2025-07-11 06:11:35.982+0000 [id=1]	INFO	org.eclipse.jetty.server.Server#doStart: jetty-12.0.17; built: 2025-03-03T13:15:05.903Z; git: 14d19c268e4cb09afc312b5255a4cbb7a95c5cb6; jvm 21.0.7
2025-07-11 06:11:35.993+0000 [id=1]	INFO	org.eclipse.jetty.server.Server#doStop: Stopped oejs.Server@48ae9b55{STOPPING}[12.0.17,sto=0]
2025-07-11 06:11:35.994+0000 [id=1]	INFO	winstone.Logger#logInternal: Jetty shutdown successfully
java.io.IOException: Failed to start Jetty
	at Jenkins Main ClassLoader//winstone.Launcher.<init>(Launcher.java:192)
	at Jenkins Main ClassLoader//winstone.Launcher.main(Launcher.java:488)
	at java.base/jdk.internal.reflect.DirectMethodHandleAccessor.invoke(DirectMethodHandleAccessor.java:103)
	at java.base/java.lang.reflect.Method.invoke(Method.java:580)
	at executable.Main.main(Main.java:335)
Caused by: java.io.IOException: Failed to bind to 0.0.0.0/0.0.0.0:8080
	at Jenkins Main ClassLoader//org.eclipse.jetty.server.ServerConnector.openAcceptChannel(ServerConnector.java:349)
	at Jenkins Main ClassLoader//org.eclipse.jetty.server.ServerConnector.open(ServerConnector.java:313)
	at Jenkins Main ClassLoader//org.eclipse.jetty.server.Server.lambda$doStart$0(Server.java:569)
	at java.base/java.util.stream.ForEachOps$ForEachOp$OfRef.accept(ForEachOps.java:184)
	at java.base/java.util.stream.ReferencePipeline$3$1.accept(ReferencePipeline.java:197)
	at java.base/java.util.stream.ReferencePipeline$2$1.accept(ReferencePipeline.java:179)
	at java.base/java.util.Spliterators$ArraySpliterator.forEachRemaining(Spliterators.java:1024)
	at java.base/java.util.stream.AbstractPipeline.copyInto(AbstractPipeline.java:509)
	at java.base/java.util.stream.AbstractPipeline.wrapAndCopyInto(AbstractPipeline.java:499)
	at java.base/java.util.stream.ForEachOps$ForEachOp.evaluateSequential(ForEachOps.java:151)
	at java.base/java.util.stream.ForEachOps$ForEachOp$OfRef.evaluateSequential(ForEachOps.java:174)
	at java.base/java.util.stream.AbstractPipeline.evaluate(AbstractPipeline.java:234)
	at java.base/java.util.stream.ReferencePipeline.forEach(ReferencePipeline.java:596)
	at Jenkins Main ClassLoader//org.eclipse.jetty.server.Server.doStart(Server.java:565)
	at Jenkins Main ClassLoader//org.eclipse.jetty.util.component.AbstractLifeCycle.start(AbstractLifeCycle.java:93)
	at Jenkins Main ClassLoader//winstone.Launcher.<init>(Launcher.java:188)
	... 4 more
Caused by: java.net.BindException: Address already in use
	at java.base/sun.nio.ch.Net.bind0(Native Method)
	at java.base/sun.nio.ch.Net.bind(Net.java:565)
	at java.base/sun.nio.ch.ServerSocketChannelImpl.netBind(ServerSocketChannelImpl.java:344)
	at java.base/sun.nio.ch.ServerSocketChannelImpl.bind(ServerSocketChannelImpl.java:301)
	at Jenkins Main ClassLoader//org.eclipse.jetty.server.ServerConnector.openAcceptChannel(ServerConnector.java:344)
	... 19 more
2025-07-11 06:11:35.994+0000 [id=1]	SEVERE	winstone.Logger#logInternal: Container startup failed
java.net.BindException: Address already in use
	at java.base/sun.nio.ch.Net.bind0(Native Method)
	at java.base/sun.nio.ch.Net.bind(Net.java:565)
	at java.base/sun.nio.ch.ServerSocketChannelImpl.netBind(ServerSocketChannelImpl.java:344)
	at java.base/sun.nio.ch.ServerSocketChannelImpl.bind(ServerSocketChannelImpl.java:301)
	at Jenkins Main ClassLoader//org.eclipse.jetty.server.ServerConnector.openAcceptChannel(ServerConnector.java:344)
Caused: java.io.IOException: Failed to bind to 0.0.0.0/0.0.0.0:8080
	at Jenkins Main ClassLoader//org.eclipse.jetty.server.ServerConnector.openAcceptChannel(ServerConnector.java:349)
	at Jenkins Main ClassLoader//org.eclipse.jetty.server.ServerConnector.open(ServerConnector.java:313)
	at Jenkins Main ClassLoader//org.eclipse.jetty.server.Server.lambda$doStart$0(Server.java:569)
	at java.base/java.util.stream.ForEachOps$ForEachOp$OfRef.accept(ForEachOps.java:184)
	at java.base/java.util.stream.ReferencePipeline$3$1.accept(ReferencePipeline.java:197)
	at java.base/java.util.stream.ReferencePipeline$2$1.accept(ReferencePipeline.java:179)
	at java.base/java.util.Spliterators$ArraySpliterator.forEachRemaining(Spliterators.java:1024)
	at java.base/java.util.stream.AbstractPipeline.copyInto(AbstractPipeline.java:509)
	at java.base/java.util.stream.AbstractPipeline.wrapAndCopyInto(AbstractPipeline.java:499)
	at java.base/java.util.stream.ForEachOps$ForEachOp.evaluateSequential(ForEachOps.java:151)
	at java.base/java.util.stream.ForEachOps$ForEachOp$OfRef.evaluateSequential(ForEachOps.java:174)
	at java.base/java.util.stream.AbstractPipeline.evaluate(AbstractPipeline.java:234)
	at java.base/java.util.stream.ReferencePipeline.forEach(ReferencePipeline.java:596)
	at Jenkins Main ClassLoader//org.eclipse.jetty.server.Server.doStart(Server.java:565)
	at Jenkins Main ClassLoader//org.eclipse.jetty.util.component.AbstractLifeCycle.start(AbstractLifeCycle.java:93)
	at Jenkins Main ClassLoader//winstone.Launcher.<init>(Launcher.java:188)
Caused: java.io.IOException: Failed to start Jetty
	at Jenkins Main ClassLoader//winstone.Launcher.<init>(Launcher.java:192)
	at Jenkins Main ClassLoader//winstone.Launcher.main(Launcher.java:488)
	at java.base/jdk.internal.reflect.DirectMethodHandleAccessor.invoke(DirectMethodHandleAccessor.java:103)
	at java.base/java.lang.reflect.Method.invoke(Method.java:580)
	at executable.Main.main(Main.java:335)
